<?xml version="1.0" encoding="UTF-8"?>
<testng-results ignored="0" total="1" passed="1" failed="0" skipped="0">
  <reporter-output>
  </reporter-output>
  <suite started-at="2022-04-23T21:12:53 IST" name="Default suite" finished-at="2022-04-23T21:14:36 IST" duration-ms="103792">
    <groups>
    </groups>
    <test started-at="2022-04-23T21:12:53 IST" name="Default test" finished-at="2022-04-23T21:14:36 IST" duration-ms="103792">
      <class name="com.gmailSearch.SearchEmail">
        <test-method is-config="true" signature="Login()[pri:0, instance:com.gmailSearch.SearchEmail@3c407114]" started-at="2022-04-23T21:12:53 IST" name="Login" finished-at="2022-04-23T21:14:20 IST" duration-ms="87856" status="PASS">
          <reporter-output>
          </reporter-output>
        </test-method> <!-- Login -->
        <test-method signature="EmailSearch()[pri:0, instance:com.gmailSearch.SearchEmail@3c407114]" started-at="2022-04-23T21:14:21 IST" name="EmailSearch" finished-at="2022-04-23T21:14:31 IST" duration-ms="9769" status="PASS">
          <reporter-output>
          </reporter-output>
        </test-method> <!-- EmailSearch -->
        <test-method is-config="true" signature="Logout()[pri:0, instance:com.gmailSearch.SearchEmail@3c407114]" started-at="2022-04-23T21:14:31 IST" name="Logout" finished-at="2022-04-23T21:14:36 IST" duration-ms="5581" status="PASS">
          <reporter-output>
          </reporter-output>
        </test-method> <!-- Logout -->
      </class> <!-- com.gmailSearch.SearchEmail -->
    </test> <!-- Default test -->
  </suite> <!-- Default suite -->
</testng-results>
